<?xml version="1.0" encoding="UTF-8"?>
<!-- Generated by org.testng.reporters.JUnitReportReporter -->
<testsuite skipped="0" hostname="DESKTOP-5TPI0ON" name="DevOPS.devOPS.mavenarg" tests="1" failures="0" timestamp="01 Oct 2020 18:42:57 GMT" time="0.015" errors="0">
  <testcase name="args" time="0.015" classname="DevOPS.devOPS.mavenarg"/>
</testsuite> <!-- DevOPS.devOPS.mavenarg -->
